<?xml version="1.0" encoding="UTF-8"?>
<!-- Generated by org.testng.reporters.JUnitXMLReporter -->
<testsuite ignored="0" hostname="TYSS-Mamatha" failures="2" tests="2" name="Test" time="30.794" errors="0" timestamp="2023-07-01T09:42:22 IST">
  <testcase classname="jewelryModule.TC_10" name="addingTheJewelryToCart" time="10.115">
    <failure type="java.lang.AssertionError" message="expected [true] but found [false]">
      <![CDATA[java.lang.AssertionError: expected [true] but found [false]
at jewelryModule.TC_10.addingTheJewelryToCart(TC_10.java:29)
at java.base/java.util.ArrayList.forEach(ArrayList.java:1511)
... Removed 33 stack frames]]>
    </failure>
  </testcase> <!-- addingTheJewelryToCart -->
  <testcase classname="login_Module.TC_01" name="ValidatingLoginFunctionality" time="1.325">
    <failure type="java.lang.AssertionError" message="expected [null] but found [123456789]">
      <![CDATA[java.lang.AssertionError: expected [null] but found [123456789]
at login_Module.TC_01.ValidatingLoginFunctionality(TC_01.java:25)
at java.base/java.util.ArrayList.forEach(ArrayList.java:1511)
... Removed 33 stack frames]]>
    </failure>
  </testcase> <!-- ValidatingLoginFunctionality -->
</testsuite> <!-- Test -->
